[03:00:12] [main/INFO]: Loading Minecraft 1.18.2 with Fabric Loader 0.14.18
[03:00:12] [main/INFO]: Fabric is preparing JARs on first launch, this may take a few seconds...
[03:00:12] [ForkJoinPool-1-worker-15/WARN]: Mod com_github_wearblackallday_javautils uses the version bd58640372 which isn't compatible with Loader's extended semantic version format (Could not parse version number component 'bd58640372'!), SemVer is recommended for reliably evaluating dependencies and prioritizing newer version
[03:00:13] [main/WARN]: Mod resolution failed
[03:00:13] [main/INFO]: Immediate reason: [HARD_DEP_NO_CANDIDATE mythicmetals 0.16.4+1.18.2 {depends alloy_forgery @ [>=2.0.13]}, ROOT_FORCELOAD_SINGLE mythicmetals 0.16.4+1.18.2]
[03:00:13] [main/INFO]: Reason: [HARD_DEP mythicmetals 0.16.4+1.18.2 {depends alloy_forgery @ [>=2.0.13]}, HARD_DEP whereisit 1.14.10 {depends cloth-client-events-v0 @ [>=2.0.0]}]
[03:00:13] [main/INFO]: Fix: add [add:alloy_forgery 2.0.13 ([[2.0.13,?)]), add:cloth-client-events-v0 2.0.0 ([[2.0.0,?)])], remove [], replace []
[03:00:13] [main/ERROR]: Incompatible mod set!
net.fabricmc.loader.impl.FormattedException: Mod resolution encountered an incompatible mod set!
A potential solution has been determined:
	 - Install alloy_forgery, version 2.0.13 or later.
	 - Install cloth-client-events-v0, version 2.0.0 or later.
Unmet dependency listing:
	 - Mod 'Mythic Metals' (mythicmetals) 0.16.4+1.18.2 requires version 2.0.13 or later of alloy_forgery, which is missing!
	 - Mod 'Where Is It' (whereisit) 1.14.10 requires version 2.0.0 or later of cloth-client-events-v0, which is missing!
	at net.fabricmc.loader.impl.FormattedException.ofLocalized(FormattedException.java:51) ~[fabric-loader-0.14.18.jar:?]
	at net.fabricmc.loader.impl.FabricLoaderImpl.load(FabricLoaderImpl.java:192) ~[fabric-loader-0.14.18.jar:?]
	at net.fabricmc.loader.impl.launch.knot.Knot.init(Knot.java:148) ~[fabric-loader-0.14.18.jar:?]
	at net.fabricmc.loader.impl.launch.knot.Knot.launch(Knot.java:68) [fabric-loader-0.14.18.jar:?]
	at net.fabricmc.loader.impl.launch.knot.KnotClient.main(KnotClient.java:23) [fabric-loader-0.14.18.jar:?]
